[2025-08-09 13:18:20.381] [Info] 
	生成激活码
	机器码：l1gy-uKOo-61ub-OCQK-MIJV-skGO-Q0Vx-zE3a-1NiH-5pOw-8hZl-ytcz-LpqF-099d-+zIf-TP7Q-MLWC-pC0P-PGLM-VVSx-igYB-vY+k-EWFu-cjLo-jpKp-qFHP-yy8p-X2i2-fOB1-VUpW-x3rK-LMQH-9A3U-Cxek-tTu6-0FyB-kHBO-k8EN-qP1J-ZJ8B-JXJa-StoR-iQ/n-j3o0-Qb18-OXhE-DjP7-ta54-x3Vk-Vv6H-FJ4m-gIsr-ytpB-Iw==
	时长：1月
[2025-08-09 13:18:20.413] [Info] 
	生成激活码：E7hU-qR06-odvQ-HCej-l9Sb-ktYW-QJ44-TsdL-9gFp-rsAR-Z36v-pckv-BxcG-Tz/o-jfz7-qJ8R-/SPf-XEn/-797K-2yw9-rEjw-9RPi-oKAR-bPv5-ACZd-82qH-M5Kw-HkZd-ilXe-lhhL-twts-/lME-WN6/-rB1u-d6qB-+LFt-zExy-3aM7-qTqA-3l+Y-pq6P-VyGq-WKLV-tNXo-QvP6-nLIt-w3ys-ixJW-n1VU-uhMO-BNoW-57vi-GCyp-jV91-08XI-vZ94-ABR2-TKmw-Ml5E-sPzn-J38i-pGva-kHUJ-zyvv-YOta-LsAT-lA2R-2ZXB-qTAZ-4o5b-hWMX-6qHb-OA/s-l0Rd-VYo=
	CPU序号：BFEBFBFF00040651
	硬盘序号：50026B73814BF7CB
	过期时间：2025-09-09
[2025-08-09 13:20:58.576] [Info] 
	生成激活码
	机器码：FR1j-Yc4n-U7p8-uO/6-SQVK-Ed9J-y11W-D0w7-fVXO-W7Gb-59/g-tk4f-K2tv-dRsz-qSff-Il6c-SYoz-UWul-Wf7u-FeTq-qzdn-Do+3-TeTx-c7Tm-nLvH-enq4-Ztoq-xfd3-/Rfr-BEYS-7X+v-wJHW-4voD-mh9B-mUkE-OXu2-Xj4k-JQTH-nr8K-VYK2-b9lX-LccH-u/vC-lLUk-A23+-Oj/g-c/T4-gz0r-9wgk-xY0+-7EcN-kkI2-8R0Z-Hg==
	时长：12月
[2025-08-09 13:20:58.581] [Info] 
	生成激活码：afKs-Solo-E+Pu-kk56-kFVW-Gdz3-L0wH-vfPQ-0RAa-V+u/-kwg3-Hll2-nXax-KnaQ-JCD6-7tuX-CWyA-6r6n-cz8d-BSKE-fG8k-ppMv-1uso-cXvK-EpRw-z7+w-KilR-6zzM-J+zH-uuIg-a8TI-bjAc-qu4B-aJ7k-P2my-tC0a-h5D+-OHwv-G0KN-Rt+W-vwee-oK78-mBol-JJc/-tgz2-ShRf-ywcn-Ln3P-bokD-gfB4-GV0K-/i4Y-khda-pJ/9-hgUu-bDUX-EO3I-6hBD-htgV-bLCP-5pI0-mJ/A-HtI0-zI6t-tDrH-fh6/-r7Iq-U0V2-bJIN-rPv8-cUNt-ZJie-Vs9b-BtBD-sVSq-ASJm-hd3m-F/3m-ronR-9nv7-mD70-/5sJ-g+Vc-G/IQ-srcg-yQ==
	CPU序号：BFEBFBFF00040651
	硬盘序号：50026B73814BF7CB
	过期时间：2026-08-16
[2025-08-09 13:21:54.482] [Info] 
	生成激活码
	机器码：FR1j-Yc4n-U7p8-uO/6-SQVK-Ed9J-y11W-D0w7-fVXO-W7Gb-59/g-tk4f-K2tv-dRsz-qSff-Il6c-SYoz-UWul-Wf7u-FeTq-qzdn-Do+3-TeTx-c7Tm-nLvH-enq4-Ztoq-xfd3-/Rfr-BEYS-7X+v-wJHW-4voD-mh9B-mUkE-OXu2-Xj4k-JQTH-nr8K-VYK2-b9lX-LccH-u/vC-lLUk-A23+-Oj/g-c/T4-gz0r-9wgk-xY0+-7EcN-kkI2-8R0Z-Hg==
	时长：12月
[2025-08-09 13:21:54.498] [Info] 
	生成激活码：lbfV-4x1C-V0qV-Ut+C-1NrF-GcTF-KHZC-w6SY-I3z5-UBmo-tI7X-n6dW-/JEq-FBe9-J4qy-zR/9-0hvt-GkEW-5bhr-fAdQ-iHA3-wRjT-6a+0-C9x7-sOcm-AgBx-kAeZ-K+ti-Tpi8-8/Id-kHfu-KwK+-u3Ub-2UBF-+TGI-qXJW-Hs5B-AoWL-nPCL-MPme-583A-6b1+-5poE-ThRZ-33N5-Irg0-TMww-f0yh-7Vgy-1WdJ-jCxv-9W9M-/PA6-Xn9u-actJ-HrTw-R924-KEtc-KaJM-+Gr9-8I3X-0rhb-u6hd-IhWE-be4B-P9fe-DfqK-27Hk-QJDB-iw==
	CPU序号：BFEBFBFF00040651
	硬盘序号：50026B73814BF7CB
	过期时间：2026-08-16
[2025-08-09 13:23:07.718] [Info] 
	生成激活码
	机器码：FR1j-Yc4n-U7p8-uO/6-SQVK-Ed9J-y11W-D0w7-fVXO-W7Gb-59/g-tk4f-K2tv-dRsz-qSff-Il6c-SYoz-UWul-Wf7u-FeTq-qzdn-Do+3-TeTx-c7Tm-nLvH-enq4-Ztoq-xfd3-/Rfr-BEYS-7X+v-wJHW-4voD-mh9B-mUkE-OXu2-Xj4k-JQTH-nr8K-VYK2-b9lX-LccH-u/vC-lLUk-A23+-Oj/g-c/T4-gz0r-9wgk-xY0+-7EcN-kkI2-8R0Z-Hg==
	时长：1月
[2025-08-09 13:23:07.733] [Info] 
	生成激活码：BVuj-WE2w-sicT-5JEx-egn5-nCM1-Nn2j-GWcN-h5HG-4PY9-v9bZ-x73m-WuJJ-AR/A-kiTp-FYFV-iJFc-ECXF-4zlZ-rCRC-HVzu-gvLD-G3Rn-FnC6-cRnk-eNx/-/ToH-BAV/-3Sjr-gy33-FXyA-enZh-O/Eh-fomG-OW5P-2cBn-YH8Q-V2Ml-ux86-mGSO-hwdw-nvn0-JOaL-LB2m-Ag2s-pGXA-knx5-Tah/-djP3-LRQR-NVhz-3zba-prxx-TUu2-c07y-3PNK-PvRW-GpJW-sHEW-TaEP-6gt2-1V0C-BDmT-9qf+-sYUE-Zi3A-KT3s-5XhJ-EPb4-L6H6-aEVV-5Si/-chLc-bUMT-NHA=
	CPU序号：BFEBFBFF00040651
	硬盘序号：50026B73814BF7CB
	过期时间：2025-09-09
[2025-08-09 13:23:08.684] [Error] 复制激活码到剪贴板时出错: OpenClipboard 失败 (异常来自 HRESULT:0x800401D0 (CLIPBRD_E_CANT_OPEN))
